[debug] [2026-04-07T07:36:10.647Z] ----------------------------------------------------------------------
[debug] [2026-04-07T07:36:10.655Z] Command:       D:\node.exe C:\Users\HP\AppData\Roaming\npm\node_modules\firebase-tools\lib\bin\firebase.js init
[debug] [2026-04-07T07:36:10.655Z] CLI Version:   15.13.0
[debug] [2026-04-07T07:36:10.655Z] Platform:      win32
[debug] [2026-04-07T07:36:10.656Z] Node Version:  v22.21.1
[debug] [2026-04-07T07:36:10.656Z] Time:          Tue Apr 07 2026 13:06:10 GMT+0530 (India Standard Time)
[debug] [2026-04-07T07:36:10.656Z] ----------------------------------------------------------------------
[debug] 
[info] 
     ######## #### ########  ######## ########     ###     ######  ########
     ##        ##  ##     ## ##       ##     ##  ##   ##  ##       ##
     ######    ##  ########  ######   ########  #########  ######  ######
     ##        ##  ##    ##  ##       ##     ## ##     ##       ## ##
     ##       #### ##     ## ######## ########  ##     ##  ######  ########

You're about to initialize a Firebase project in this directory:

  D:\Web Tech\BT\Food_Store

[info] 
=== Project Setup
[info] 
[info] First, let's associate this project directory with a Firebase project.
[info] You can create multiple project aliases by running firebase use --add, 
[info] 
[debug] [2026-04-07T07:42:57.630Z] > command requires scopes: ["email","openid","https://www.googleapis.com/auth/cloudplatformprojects.readonly","https://www.googleapis.com/auth/firebase","https://www.googleapis.com/auth/cloud-platform"]
[debug] [2026-04-07T07:42:57.631Z] > authorizing via signed-in user (tharikahamed835@gmail.com)
[debug] [2026-04-07T07:42:57.634Z] Checked if tokens are valid: true, expires at: 1775550872420
[debug] [2026-04-07T07:42:57.634Z] Checked if tokens are valid: true, expires at: 1775550872420
[debug] [2026-04-07T07:42:57.635Z] >>> [apiv2][query] GET https://firebase.googleapis.com/v1beta1/projects pageSize=100
[debug] [2026-04-07T07:42:58.628Z] <<< [apiv2][status] GET https://firebase.googleapis.com/v1beta1/projects 200
[debug] [2026-04-07T07:42:58.628Z] <<< [apiv2][body] GET https://firebase.googleapis.com/v1beta1/projects [omitted]
[info] 
=== Hosting Setup
[debug] [2026-04-07T07:44:14.032Z] Checked if tokens are valid: true, expires at: 1775550872420
[debug] [2026-04-07T07:44:14.033Z] Checked if tokens are valid: true, expires at: 1775550872420
[debug] [2026-04-07T07:44:14.033Z] >>> [apiv2][query] GET https://firebase.googleapis.com/v1beta1/projects/food-store-6212a [none]
[debug] [2026-04-07T07:44:14.501Z] <<< [apiv2][status] GET https://firebase.googleapis.com/v1beta1/projects/food-store-6212a 200
[debug] [2026-04-07T07:44:14.501Z] <<< [apiv2][body] GET https://firebase.googleapis.com/v1beta1/projects/food-store-6212a {"projectId":"food-store-6212a","projectNumber":"237896114136","displayName":"food-store","name":"projects/food-store-6212a","resources":{"hostingSite":"food-store-6212a"},"state":"ACTIVE","etag":"1_149b6a15-2e16-4903-8a65-325b909f33d0"}
[info] 
[info] Your public directory is the folder (relative to your project directory) that
[info] will contain Hosting assets to be uploaded with firebase deploy. If you
[info] have a build process for your assets, use your build's output directory.
[info] 
[info] 
[info] i  Detected a .git folder at D:\Web Tech\BT 
[info] i  Authorizing with GitHub to upload your service account to a GitHub repository's secrets store. 
[info] 
[info] Visit this URL on this device to log in:
[info] https://github.com/login/oauth/authorize?client_id=89cf50f02ac6aaed3484&state=391418066&redirect_uri=http%3A%2F%2Flocalhost%3A9005&scope=read%3Auser%20repo%20public_repo
[info] 
[info] Waiting for authentication...
[debug] [2026-04-07T07:47:19.719Z] >>> [apiv2][query] POST https://github.com/login/oauth/access_token [none]
[debug] [2026-04-07T07:47:19.719Z] >>> [apiv2][body] POST https://github.com/login/oauth/access_token [stream]
[debug] [2026-04-07T07:47:20.155Z] <<< [apiv2][status] POST https://github.com/login/oauth/access_token 200
[debug] [2026-04-07T07:47:20.155Z] <<< [apiv2][body] POST https://github.com/login/oauth/access_token {"access_token":"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","token_type":"bearer","scope":"read:user,repo"}
[debug] [2026-04-07T07:47:20.165Z] >>> [apiv2][query] GET https://api.github.com/user [none]
[debug] [2026-04-07T07:47:20.592Z] <<< [apiv2][status] GET https://api.github.com/user 200
[debug] [2026-04-07T07:47:20.593Z] <<< [apiv2][body] GET https://api.github.com/user {"login":"Thrz45","id":147247734,"node_id":"U_kgDOCMbSdg","avatar_url":"https://avatars.githubusercontent.com/u/147247734?v=4","gravatar_id":"","url":"https://api.github.com/users/Thrz45","html_url":"https://github.com/Thrz45","followers_url":"https://api.github.com/users/Thrz45/followers","following_url":"https://api.github.com/users/Thrz45/following{/other_user}","gists_url":"https://api.github.com/users/Thrz45/gists{/gist_id}","starred_url":"https://api.github.com/users/Thrz45/starred{/owner}{/repo}","subscriptions_url":"https://api.github.com/users/Thrz45/subscriptions","organizations_url":"https://api.github.com/users/Thrz45/orgs","repos_url":"https://api.github.com/users/Thrz45/repos","events_url":"https://api.github.com/users/Thrz45/events{/privacy}","received_events_url":"https://api.github.com/users/Thrz45/received_events","type":"User","user_view_type":"private","site_admin":false,"name":null,"company":null,"blog":"","location":null,"email":null,"hireable":null,"bio":null,"twitter_username":null,"notification_email":null,"public_repos":11,"public_gists":0,"followers":0,"following":0,"created_at":"2023-10-07T10:56:55Z","updated_at":"2026-04-01T07:18:02Z","private_gists":0,"total_private_repos":0,"owned_private_repos":0,"disk_usage":10105,"collaborators":0,"two_factor_authentication":false,"plan":{"name":"free","space":976562499,"collaborators":0,"private_repos":10000}}
[info] 
[info] +  Success! Logged into GitHub as Thrz45 
[info] 
[debug] [2026-04-07T07:54:19.153Z] >>> [apiv2][query] GET https://api.github.com/repos/Thrz45/Fb login clone/actions/secrets/public-key type=owner
[debug] [2026-04-07T07:54:19.688Z] <<< [apiv2][status] GET https://api.github.com/repos/Thrz45/Fb login clone/actions/secrets/public-key 404
[debug] [2026-04-07T07:54:19.689Z] <<< [apiv2][body] GET https://api.github.com/repos/Thrz45/Fb login clone/actions/secrets/public-key {"message":"Not Found","documentation_url":"https://docs.github.com/rest/actions/secrets#get-a-repository-public-key","status":"404"}
[info] 
[info] 
[error] !  The provided authorization cannot be used with this repository. If this repository is in an organization, did you remember to grant access? 
[info] 
[info] i  Action required: Visit this URL to ensure access has been granted to the appropriate organization(s) for the Firebase CLI GitHub OAuth App: 
[info] https://github.com/settings/connections/applications/89cf50f02ac6aaed3484
[info] 
[debug] [2026-04-07T07:56:55.769Z] >>> [apiv2][query] GET https://api.github.com/repos/Thrz45/actions/secrets/public-key type=owner
[debug] [2026-04-07T07:56:56.257Z] <<< [apiv2][status] GET https://api.github.com/repos/Thrz45/actions/secrets/public-key 404
[debug] [2026-04-07T07:56:56.258Z] <<< [apiv2][body] GET https://api.github.com/repos/Thrz45/actions/secrets/public-key {"message":"Not Found","documentation_url":"https://docs.github.com/rest","status":"404"}
[info] 
[info] 
[error] !  The provided authorization cannot be used with this repository. If this repository is in an organization, did you remember to grant access? 
[info] 
[info] i  Action required: Visit this URL to ensure access has been granted to the appropriate organization(s) for the Firebase CLI GitHub OAuth App: 
[info] https://github.com/settings/connections/applications/89cf50f02ac6aaed3484
[info] 
[debug] [2026-04-07T07:57:26.026Z] >>> [apiv2][query] GET https://api.github.com/repos/Thrz45/actions/secrets/public-key type=owner
[debug] [2026-04-07T07:57:26.363Z] <<< [apiv2][status] GET https://api.github.com/repos/Thrz45/actions/secrets/public-key 404
[debug] [2026-04-07T07:57:26.364Z] <<< [apiv2][body] GET https://api.github.com/repos/Thrz45/actions/secrets/public-key {"message":"Not Found","documentation_url":"https://docs.github.com/rest","status":"404"}
[info] 
[info] 
[error] !  The provided authorization cannot be used with this repository. If this repository is in an organization, did you remember to grant access? 
[info] 
[info] i  Action required: Visit this URL to ensure access has been granted to the appropriate organization(s) for the Firebase CLI GitHub OAuth App: 
[info] https://github.com/settings/connections/applications/89cf50f02ac6aaed3484
[info] 
[debug] [2026-04-07T08:00:15.678Z] >>> [apiv2][query] GET https://api.github.com/repos/Thrz45/Food-Store/actions/secrets/public-key type=owner
[debug] [2026-04-07T08:00:16.200Z] <<< [apiv2][status] GET https://api.github.com/repos/Thrz45/Food-Store/actions/secrets/public-key 404
[debug] [2026-04-07T08:00:16.200Z] <<< [apiv2][body] GET https://api.github.com/repos/Thrz45/Food-Store/actions/secrets/public-key {"message":"Not Found","documentation_url":"https://docs.github.com/rest/actions/secrets#get-a-repository-public-key","status":"404"}
[info] 
[info] 
[error] !  The provided authorization cannot be used with this repository. If this repository is in an organization, did you remember to grant access? 
[info] 
[info] i  Action required: Visit this URL to ensure access has been granted to the appropriate organization(s) for the Firebase CLI GitHub OAuth App: 
[info] https://github.com/settings/connections/applications/89cf50f02ac6aaed3484
[info] 
[debug] [2026-04-07T08:00:24.776Z] >>> [apiv2][query] GET https://api.github.com/repos/Thrz45/food-store/actions/secrets/public-key type=owner
[debug] [2026-04-07T08:00:25.361Z] <<< [apiv2][status] GET https://api.github.com/repos/Thrz45/food-store/actions/secrets/public-key 404
[debug] [2026-04-07T08:00:25.361Z] <<< [apiv2][body] GET https://api.github.com/repos/Thrz45/food-store/actions/secrets/public-key {"message":"Not Found","documentation_url":"https://docs.github.com/rest/actions/secrets#get-a-repository-public-key","status":"404"}
[info] 
[info] 
[error] !  The provided authorization cannot be used with this repository. If this repository is in an organization, did you remember to grant access? 
[info] 
[info] i  Action required: Visit this URL to ensure access has been granted to the appropriate organization(s) for the Firebase CLI GitHub OAuth App: 
[info] https://github.com/settings/connections/applications/89cf50f02ac6aaed3484
[info] 
[debug] [2026-04-07T08:00:57.219Z] >>> [apiv2][query] GET https://api.github.com/repos/Thrz45/actions/secrets/public-key type=owner
[debug] [2026-04-07T08:00:57.617Z] <<< [apiv2][status] GET https://api.github.com/repos/Thrz45/actions/secrets/public-key 404
[debug] [2026-04-07T08:00:57.617Z] <<< [apiv2][body] GET https://api.github.com/repos/Thrz45/actions/secrets/public-key {"message":"Not Found","documentation_url":"https://docs.github.com/rest","status":"404"}
[info] 
[info] 
[error] !  The provided authorization cannot be used with this repository. If this repository is in an organization, did you remember to grant access? 
[info] 
[info] i  Action required: Visit this URL to ensure access has been granted to the appropriate organization(s) for the Firebase CLI GitHub OAuth App: 
[info] https://github.com/settings/connections/applications/89cf50f02ac6aaed3484
[info] 
[debug] [2026-04-07T08:02:11.090Z] >>> [apiv2][query] GET https://api.github.com/repos/Thrz45/https://github.com/login/oauth/authorize?client_id=/actions/secrets/public-key type=owner
[debug] [2026-04-07T08:02:11.446Z] <<< [apiv2][status] GET https://api.github.com/repos/Thrz45/https://github.com/login/oauth/authorize?client_id=/actions/secrets/public-key 404
[debug] [2026-04-07T08:02:11.447Z] <<< [apiv2][body] GET https://api.github.com/repos/Thrz45/https://github.com/login/oauth/authorize?client_id=/actions/secrets/public-key {"message":"Not Found","documentation_url":"https://docs.github.com/rest","status":"404"}
[info] 
[info] 
[error] !  The provided authorization cannot be used with this repository. If this repository is in an organization, did you remember to grant access? 
[info] 
[info] i  Action required: Visit this URL to ensure access has been granted to the appropriate organization(s) for the Firebase CLI GitHub OAuth App: 
[info] https://github.com/settings/connections/applications/89cf50f02ac6aaed3484
[info] 
